This is pdfTeX, Version 3.141592653-2.6-1.40.22 (MiKTeX 21.6) (preloaded format=pdflatex 2021.8.29)  16 SEP 2021 13:41
entering extended mode
**"./Assignment 2.tex"
(Assignment 2.tex
LaTeX2e <2021-06-01> patch level 1
L3 programming layer <2021-08-27>
(/home/provakar/.miktex/texmfs/install/tex/latex/base/article.cls
Document Class: article 2021/02/12 v1.4n Standard LaTeX document class
(/home/provakar/.miktex/texmfs/install/tex/latex/base/size10.clo
File: size10.clo 2021/02/12 v1.4n Standard LaTeX file (size option)
)
\c@part=\count182
\c@section=\count183
\c@subsection=\count184
\c@subsubsection=\count185
\c@paragraph=\count186
\c@subparagraph=\count187
\c@figure=\count188
\c@table=\count189
\abovecaptionskip=\skip47
\belowcaptionskip=\skip48
\bibindent=\dimen138
)
(/home/provakar/.miktex/texmfs/install/tex/latex/adjustbox/adjustbox.sty
Package: adjustbox 2020/08/19 v1.3 Adjusting TeX boxes (trim, clip, ...)

(/home/provakar/.miktex/texmfs/install/tex/latex/xkeyval/xkeyval.sty
Package: xkeyval 2020/11/20 v2.8 package option processing (HA)

(/home/provakar/.miktex/texmfs/install/tex/generic/xkeyval/xkeyval.tex
(/home/provakar/.miktex/texmfs/install/tex/generic/xkeyval/xkvutils.tex
\XKV@toks=\toks16
\XKV@tempa@toks=\toks17

(/home/provakar/.miktex/texmfs/install/tex/generic/xkeyval/keyval.tex))
\XKV@depth=\count190
File: xkeyval.tex 2014/12/03 v2.7a key=value parser (HA)
))
(/home/provakar/.miktex/texmfs/install/tex/latex/adjustbox/adjcalc.sty
Package: adjcalc 2012/05/16 v1.1 Provides advanced setlength with multiple back
-ends (calc, etex, pgfmath)
)
(/home/provakar/.miktex/texmfs/install/tex/latex/adjustbox/trimclip.sty
Package: trimclip 2020/08/19 v1.2 Trim and clip general TeX material

(/home/provakar/.miktex/texmfs/install/tex/latex/graphics/graphicx.sty
Package: graphicx 2020/12/05 v1.2c Enhanced LaTeX Graphics (DPC,SPQR)

(/home/provakar/.miktex/texmfs/install/tex/latex/graphics/graphics.sty
Package: graphics 2021/03/04 v1.4d Standard LaTeX Graphics (DPC,SPQR)

(/home/provakar/.miktex/texmfs/install/tex/latex/graphics/trig.sty
Package: trig 2016/01/03 v1.10 sin cos tan (DPC)
)
(/home/provakar/.miktex/texmfs/install/tex/latex/graphics-cfg/graphics.cfg
File: graphics.cfg 2016/06/04 v1.11 sample graphics configuration
)
Package graphics Info: Driver file: pdftex.def on input line 107.

(/home/provakar/.miktex/texmfs/install/tex/latex/graphics-def/pdftex.def
File: pdftex.def 2020/10/05 v1.2a Graphics/color driver for pdftex
))
\Gin@req@height=\dimen139
\Gin@req@width=\dimen140
)
(/home/provakar/.miktex/texmfs/install/tex/latex/collectbox/collectbox.sty
Package: collectbox 2012/05/17 v0.4b Collect macro arguments as boxes
\collectedbox=\box50
)
\tc@llx=\dimen141
\tc@lly=\dimen142
\tc@urx=\dimen143
\tc@ury=\dimen144
Package trimclip Info: Using driver 'tc-pdftex.def'.

(/home/provakar/.miktex/texmfs/install/tex/latex/adjustbox/tc-pdftex.def
File: tc-pdftex.def 2019/01/04 v2.2 Clipping driver for pdftex
))
\adjbox@Width=\dimen145
\adjbox@Height=\dimen146
\adjbox@Depth=\dimen147
\adjbox@Totalheight=\dimen148
\adjbox@pwidth=\dimen149
\adjbox@pheight=\dimen150
\adjbox@pdepth=\dimen151
\adjbox@ptotalheight=\dimen152

(/home/provakar/.miktex/texmfs/install/tex/latex/ifoddpage/ifoddpage.sty
Package: ifoddpage 2016/04/23 v1.1 Conditionals for odd/even page detection
\c@checkoddpage=\count191
)
(/home/provakar/.miktex/texmfs/install/tex/latex/varwidth/varwidth.sty
Package: varwidth 2009/03/30 ver 0.92;  Variable-width minipages
\@vwid@box=\box51
\sift@deathcycles=\count192
\@vwid@loff=\dimen153
\@vwid@roff=\dimen154
))
(/home/provakar/.miktex/texmfs/install/tex/latex/l3backend/l3backend-pdftex.def
File: l3backend-pdftex.def 2021-08-04 L3 backend support: PDF output (pdfTeX)
\l__color_backend_stack_int=\count193
\l__pdf_internal_box=\box52
) (Assignment 2.aux)
\openout1 = `"Assignment 2.aux"'.

LaTeX Font Info:    Checking defaults for OML/cmm/m/it on input line 7.
LaTeX Font Info:    ... okay on input line 7.
LaTeX Font Info:    Checking defaults for OMS/cmsy/m/n on input line 7.
LaTeX Font Info:    ... okay on input line 7.
LaTeX Font Info:    Checking defaults for OT1/cmr/m/n on input line 7.
LaTeX Font Info:    ... okay on input line 7.
LaTeX Font Info:    Checking defaults for T1/cmr/m/n on input line 7.
LaTeX Font Info:    ... okay on input line 7.
LaTeX Font Info:    Checking defaults for TS1/cmr/m/n on input line 7.
LaTeX Font Info:    ... okay on input line 7.
LaTeX Font Info:    Checking defaults for OMX/cmex/m/n on input line 7.
LaTeX Font Info:    ... okay on input line 7.
LaTeX Font Info:    Checking defaults for U/cmr/m/n on input line 7.
LaTeX Font Info:    ... okay on input line 7.

(/home/provakar/.miktex/texmfs/install/tex/context/base/mkii/supp-pdf.mkii
[Loading MPS to PDF converter (version 2006.09.02).]
\scratchcounter=\count194
\scratchdimen=\dimen155
\scratchbox=\box53
\nofMPsegments=\count195
\nofMParguments=\count196
\everyMPshowfont=\toks18
\MPscratchCnt=\count197
\MPscratchDim=\dimen156
\MPnumerator=\count198
\makeMPintoPDFobject=\count199
\everyMPtoPDFconversion=\toks19
)
(/home/provakar/.miktex/texmfs/install/tex/latex/epstopdf-pkg/epstopdf-base.sty
Package: epstopdf-base 2020-01-24 v2.11 Base part for package epstopdf
Package epstopdf-base Info: Redefining graphics rule for `.eps' on input line 4
85.
(/home/provakar/.miktex/texmfs/install/tex/latex/00miktex/epstopdf-sys.cfg
File: epstopdf-sys.cfg 2021/03/18 v2.0 Configuration of epstopdf for MiKTeX
))
LaTeX Font Info:    External font `cmex10' loaded for size
(Font)              <12> on input line 9.
LaTeX Font Info:    External font `cmex10' loaded for size
(Font)              <8> on input line 9.
LaTeX Font Info:    External font `cmex10' loaded for size
(Font)              <6> on input line 9.

Overfull \hbox (12.43715pt too wide) in paragraph at lines 28--29
\OT1/cmr/bx/n/10 Infrastructure, Technology-Consumer-Electronics, Communication

 []


Underfull \hbox (badness 10000) in paragraph at lines 34--45

 []


Overfull \hbox (36.38199pt too wide) in paragraph at lines 34--45
\OT1/cmr/bx/n/10 i) Retrieve Value: \OT1/cmr/m/n/10 Find the stock price differ
ence between Danaher Corporation(DHR)
 []


Overfull \hbox (9.43712pt too wide) in paragraph at lines 34--45
\OT1/cmr/bx/n/10 iii) Compute Derived Value: \OT1/cmr/m/n/10 Make new attribute
 in each cluster by subtracting
 []


Underfull \hbox (badness 10000) in paragraph at lines 34--45

 []

[1

{/home/provakar/.miktex/texmfs/data/pdftex/config/pdftex.map}]
Underfull \hbox (badness 10000) in paragraph at lines 48--59

 []


Underfull \hbox (badness 10000) in paragraph at lines 48--59

 []


Underfull \hbox (badness 10000) in paragraph at lines 48--59

 []


Underfull \hbox (badness 10000) in paragraph at lines 60--61

 []

LaTeX Font Info:    External font `cmex10' loaded for size
(Font)              <7> on input line 63.
LaTeX Font Info:    External font `cmex10' loaded for size
(Font)              <5> on input line 63.

Underfull \hbox (badness 10000) in paragraph at lines 62--79

 []


Underfull \hbox (badness 10000) in paragraph at lines 62--79

 []


Underfull \hbox (badness 10000) in paragraph at lines 80--97

 []


Underfull \hbox (badness 10000) in paragraph at lines 80--97

 []


Underfull \hbox (badness 10000) in paragraph at lines 80--97

 []

[2]
Overfull \hbox (7.3803pt too wide) in paragraph at lines 103--104
[]\OT1/cmr/m/n/10 Viz 2 is more friendly in the respect of fetching information
. The information
 []

[3] (Assignment 2.aux) ) 
Here is how much of TeX's memory you used:
 2278 strings out of 480864
 37301 string characters out of 2904105
 359007 words of memory out of 3000000
 19898 multiletter control sequences out of 15000+600000
 408020 words of font info for 42 fonts, out of 8000000 for 9000
 0 hyphenation exceptions out of 8191
 86i,8n,94p,566b,241s stack positions out of 5000i,500n,10000p,200000b,80000s
 </home/provakar/.miktex/texmfs/data/fonts/pk/ljfour/jk
nappen/ec/dpi600/tcrm1000.pk></home/provakar/.miktex/texmfs/install/fonts/type1
/public/amsfonts/cm/cmbx10.pfb></home/provakar/.miktex/texmfs/install/fonts/typ
e1/public/amsfonts/cm/cmbx12.pfb></home/provakar/.miktex/texmfs/install/fonts/t
ype1/public/amsfonts/cm/cmr10.pfb></home/provakar/.miktex/texmfs/install/fonts/
type1/public/amsfonts/cm/cmr12.pfb></home/provakar/.miktex/texmfs/install/fonts
/type1/public/amsfonts/cm/cmr17.pfb>
Output written on "Assignment 2.pdf" (3 pages, 86164 bytes).
PDF statistics:
 42 PDF objects out of 1000 (max. 8388607)
 0 named destinations out of 1000 (max. 500000)
 1 words of extra memory for PDF output out of 10000 (max. 10000000)

